Wed, 30 Mar 2022 16:06:08 INFO     EV Scheduling log file
Wed, 30 Mar 2022 16:06:08 INFO     Program started
Wed, 30 Mar 2022 16:06:08 INFO     Solver selected: cplex
Wed, 30 Mar 2022 16:06:08 INFO     Testcase selected: withOctopus_CarbonData\minimal_penetration100SP53224_10020195_run0.xlsx
Wed, 30 Mar 2022 16:06:08 INFO     Model selected: EVSchedule_V2G_NoEnergyDump_BinaryVals
Wed, 30 Mar 2022 16:06:08 INFO     Given model file found and selected from the models library
Wed, 30 Mar 2022 16:06:08 INFO     Given testcase file found and selected from the testcase library
Wed, 30 Mar 2022 16:08:59 INFO     Done!
Wed, 30 Mar 2022 16:08:59 INFO     Program started
Wed, 30 Mar 2022 16:08:59 INFO     Solver selected: cplex
Wed, 30 Mar 2022 16:08:59 INFO     Testcase selected: withOctopus_CarbonData\minimal_penetration100SP53224_10020195_run1.xlsx
Wed, 30 Mar 2022 16:08:59 INFO     Model selected: EVSchedule_V2G_NoEnergyDump_BinaryVals
Wed, 30 Mar 2022 16:08:59 INFO     Given model file found and selected from the models library
Wed, 30 Mar 2022 16:09:00 INFO     Given testcase file found and selected from the testcase library
Wed, 30 Mar 2022 16:11:56 INFO     Done!
Wed, 30 Mar 2022 16:11:56 INFO     Program started
Wed, 30 Mar 2022 16:11:56 INFO     Solver selected: cplex
Wed, 30 Mar 2022 16:11:56 INFO     Testcase selected: withOctopus_CarbonData\minimal_penetration100SP53224_10020195_run2.xlsx
Wed, 30 Mar 2022 16:11:56 INFO     Model selected: EVSchedule_V2G_NoEnergyDump_BinaryVals
Wed, 30 Mar 2022 16:11:56 INFO     Given model file found and selected from the models library
Wed, 30 Mar 2022 16:11:56 INFO     Given testcase file found and selected from the testcase library
Wed, 30 Mar 2022 16:14:50 INFO     Done!
Wed, 30 Mar 2022 16:14:50 INFO     Program started
Wed, 30 Mar 2022 16:14:50 INFO     Solver selected: cplex
Wed, 30 Mar 2022 16:14:50 INFO     Testcase selected: withOctopus_CarbonData\minimal_penetration100SP53224_10020195_run3.xlsx
Wed, 30 Mar 2022 16:14:50 INFO     Model selected: EVSchedule_V2G_NoEnergyDump_BinaryVals
Wed, 30 Mar 2022 16:14:50 INFO     Given model file found and selected from the models library
Wed, 30 Mar 2022 16:14:50 INFO     Given testcase file found and selected from the testcase library
Wed, 30 Mar 2022 16:17:39 INFO     Done!
Wed, 30 Mar 2022 16:17:39 INFO     Program started
Wed, 30 Mar 2022 16:17:39 INFO     Solver selected: cplex
Wed, 30 Mar 2022 16:17:39 INFO     Testcase selected: withOctopus_CarbonData\minimal_penetration100SP53224_10020195_run4.xlsx
Wed, 30 Mar 2022 16:17:39 INFO     Model selected: EVSchedule_V2G_NoEnergyDump_BinaryVals
Wed, 30 Mar 2022 16:17:39 INFO     Given model file found and selected from the models library
Wed, 30 Mar 2022 16:17:40 INFO     Given testcase file found and selected from the testcase library
Wed, 30 Mar 2022 16:20:32 INFO     Done!
Wed, 30 Mar 2022 16:20:32 INFO     Program started
Wed, 30 Mar 2022 16:20:32 INFO     Solver selected: cplex
Wed, 30 Mar 2022 16:20:32 INFO     Testcase selected: withOctopus_CarbonData\minimal_penetration100SP53224_10020195_run5.xlsx
Wed, 30 Mar 2022 16:20:32 INFO     Model selected: EVSchedule_V2G_NoEnergyDump_BinaryVals
Wed, 30 Mar 2022 16:20:32 INFO     Given model file found and selected from the models library
Wed, 30 Mar 2022 16:20:32 INFO     Given testcase file found and selected from the testcase library
Wed, 30 Mar 2022 16:23:26 INFO     Done!
Wed, 30 Mar 2022 16:23:26 INFO     Program started
Wed, 30 Mar 2022 16:23:26 INFO     Solver selected: cplex
Wed, 30 Mar 2022 16:23:26 INFO     Testcase selected: withOctopus_CarbonData\minimal_penetration100SP53224_10020195_run6.xlsx
Wed, 30 Mar 2022 16:23:26 INFO     Model selected: EVSchedule_V2G_NoEnergyDump_BinaryVals
Wed, 30 Mar 2022 16:23:26 INFO     Given model file found and selected from the models library
Wed, 30 Mar 2022 16:23:27 INFO     Given testcase file found and selected from the testcase library
Wed, 30 Mar 2022 16:26:21 INFO     Done!
Wed, 30 Mar 2022 16:26:21 INFO     Program started
Wed, 30 Mar 2022 16:26:21 INFO     Solver selected: cplex
Wed, 30 Mar 2022 16:26:21 INFO     Testcase selected: withOctopus_CarbonData\minimal_penetration100SP53224_10020195_run7.xlsx
Wed, 30 Mar 2022 16:26:21 INFO     Model selected: EVSchedule_V2G_NoEnergyDump_BinaryVals
Wed, 30 Mar 2022 16:26:21 INFO     Given model file found and selected from the models library
Wed, 30 Mar 2022 16:26:21 INFO     Given testcase file found and selected from the testcase library
Wed, 30 Mar 2022 16:29:07 INFO     Done!
Wed, 30 Mar 2022 16:29:07 INFO     Program started
Wed, 30 Mar 2022 16:29:07 INFO     Solver selected: cplex
Wed, 30 Mar 2022 16:29:07 INFO     Testcase selected: withOctopus_CarbonData\minimal_penetration100SP53224_10020195_run8.xlsx
Wed, 30 Mar 2022 16:29:07 INFO     Model selected: EVSchedule_V2G_NoEnergyDump_BinaryVals
Wed, 30 Mar 2022 16:29:07 INFO     Given model file found and selected from the models library
Wed, 30 Mar 2022 16:29:08 INFO     Given testcase file found and selected from the testcase library
Wed, 30 Mar 2022 16:31:59 INFO     Done!
Wed, 30 Mar 2022 16:31:59 INFO     Program started
Wed, 30 Mar 2022 16:31:59 INFO     Solver selected: cplex
Wed, 30 Mar 2022 16:31:59 INFO     Testcase selected: withOctopus_CarbonData\minimal_penetration100SP53224_10020195_run9.xlsx
Wed, 30 Mar 2022 16:31:59 INFO     Model selected: EVSchedule_V2G_NoEnergyDump_BinaryVals
Wed, 30 Mar 2022 16:31:59 INFO     Given model file found and selected from the models library
Wed, 30 Mar 2022 16:31:59 INFO     Given testcase file found and selected from the testcase library
Wed, 30 Mar 2022 16:34:47 INFO     Done!
Wed, 30 Mar 2022 16:34:47 INFO     Program started
Wed, 30 Mar 2022 16:34:47 INFO     Solver selected: cplex
Wed, 30 Mar 2022 16:34:47 INFO     Testcase selected: withOctopus_CarbonData\routine_penetration100SP53224_10020195_run0.xlsx
Wed, 30 Mar 2022 16:34:47 INFO     Model selected: EVSchedule_V2G_NoEnergyDump_BinaryVals
Wed, 30 Mar 2022 16:34:47 INFO     Given model file found and selected from the models library
Wed, 30 Mar 2022 16:34:48 INFO     Given testcase file found and selected from the testcase library
Wed, 30 Mar 2022 19:52:24 INFO     Program started
Wed, 30 Mar 2022 19:52:24 INFO     Solver selected: cplex
Wed, 30 Mar 2022 19:52:24 INFO     Testcase selected: withOctopus_CarbonData\routine_penetration100SP53224_10020195_run1.xlsx
Wed, 30 Mar 2022 19:52:24 INFO     Model selected: EVSchedule_V2G_NoEnergyDump_BinaryVals
Wed, 30 Mar 2022 19:52:24 INFO     Given model file found and selected from the models library
Wed, 30 Mar 2022 19:52:25 INFO     Given testcase file found and selected from the testcase library
Wed, 30 Mar 2022 19:56:06 INFO     Done!
Wed, 30 Mar 2022 19:56:06 INFO     Program started
Wed, 30 Mar 2022 19:56:06 INFO     Solver selected: cplex
Wed, 30 Mar 2022 19:56:06 INFO     Testcase selected: withOctopus_CarbonData\routine_penetration100SP53224_10020195_run2.xlsx
Wed, 30 Mar 2022 19:56:06 INFO     Model selected: EVSchedule_V2G_NoEnergyDump_BinaryVals
Wed, 30 Mar 2022 19:56:06 INFO     Given model file found and selected from the models library
Wed, 30 Mar 2022 19:56:07 INFO     Given testcase file found and selected from the testcase library
Wed, 30 Mar 2022 19:59:55 INFO     Done!
Wed, 30 Mar 2022 19:59:56 INFO     Program started
Wed, 30 Mar 2022 19:59:56 INFO     Solver selected: cplex
Wed, 30 Mar 2022 19:59:56 INFO     Testcase selected: withOctopus_CarbonData\routine_penetration100SP53224_10020195_run3.xlsx
Wed, 30 Mar 2022 19:59:56 INFO     Model selected: EVSchedule_V2G_NoEnergyDump_BinaryVals
Wed, 30 Mar 2022 19:59:56 INFO     Given model file found and selected from the models library
Wed, 30 Mar 2022 19:59:57 INFO     Given testcase file found and selected from the testcase library
Wed, 30 Mar 2022 20:03:40 INFO     Done!
Wed, 30 Mar 2022 20:03:41 INFO     Program started
Wed, 30 Mar 2022 20:03:41 INFO     Solver selected: cplex
Wed, 30 Mar 2022 20:03:41 INFO     Testcase selected: withOctopus_CarbonData\routine_penetration100SP53224_10020195_run4.xlsx
Wed, 30 Mar 2022 20:03:41 INFO     Model selected: EVSchedule_V2G_NoEnergyDump_BinaryVals
Wed, 30 Mar 2022 20:03:41 INFO     Given model file found and selected from the models library
Wed, 30 Mar 2022 20:03:42 INFO     Given testcase file found and selected from the testcase library
Wed, 30 Mar 2022 20:07:28 INFO     Done!
Wed, 30 Mar 2022 20:07:28 INFO     Program started
Wed, 30 Mar 2022 20:07:28 INFO     Solver selected: cplex
Wed, 30 Mar 2022 20:07:28 INFO     Testcase selected: withOctopus_CarbonData\routine_penetration100SP53224_10020195_run5.xlsx
Wed, 30 Mar 2022 20:07:28 INFO     Model selected: EVSchedule_V2G_NoEnergyDump_BinaryVals
Wed, 30 Mar 2022 20:07:28 INFO     Given model file found and selected from the models library
Wed, 30 Mar 2022 20:07:29 INFO     Given testcase file found and selected from the testcase library
Wed, 30 Mar 2022 20:11:13 INFO     Done!
Wed, 30 Mar 2022 20:11:13 INFO     Program started
Wed, 30 Mar 2022 20:11:13 INFO     Solver selected: cplex
Wed, 30 Mar 2022 20:11:13 INFO     Testcase selected: withOctopus_CarbonData\routine_penetration100SP53224_10020195_run6.xlsx
Wed, 30 Mar 2022 20:11:13 INFO     Model selected: EVSchedule_V2G_NoEnergyDump_BinaryVals
Wed, 30 Mar 2022 20:11:13 INFO     Given model file found and selected from the models library
Wed, 30 Mar 2022 20:11:14 INFO     Given testcase file found and selected from the testcase library
Wed, 30 Mar 2022 20:15:13 INFO     Done!
Wed, 30 Mar 2022 20:15:13 INFO     Program started
Wed, 30 Mar 2022 20:15:13 INFO     Solver selected: cplex
Wed, 30 Mar 2022 20:15:13 INFO     Testcase selected: withOctopus_CarbonData\routine_penetration100SP53224_10020195_run7.xlsx
Wed, 30 Mar 2022 20:15:13 INFO     Model selected: EVSchedule_V2G_NoEnergyDump_BinaryVals
Wed, 30 Mar 2022 20:15:13 INFO     Given model file found and selected from the models library
Wed, 30 Mar 2022 20:15:14 INFO     Given testcase file found and selected from the testcase library
Wed, 30 Mar 2022 20:19:56 INFO     Done!
Wed, 30 Mar 2022 20:19:56 INFO     Program started
Wed, 30 Mar 2022 20:19:56 INFO     Solver selected: cplex
Wed, 30 Mar 2022 20:19:56 INFO     Testcase selected: withOctopus_CarbonData\routine_penetration100SP53224_10020195_run8.xlsx
Wed, 30 Mar 2022 20:19:56 INFO     Model selected: EVSchedule_V2G_NoEnergyDump_BinaryVals
Wed, 30 Mar 2022 20:19:56 INFO     Given model file found and selected from the models library
Wed, 30 Mar 2022 20:19:57 INFO     Given testcase file found and selected from the testcase library
Wed, 30 Mar 2022 20:23:45 INFO     Done!
Wed, 30 Mar 2022 20:23:45 INFO     Program started
Wed, 30 Mar 2022 20:23:45 INFO     Solver selected: cplex
Wed, 30 Mar 2022 20:23:45 INFO     Testcase selected: withOctopus_CarbonData\routine_penetration100SP53224_10020195_run9.xlsx
Wed, 30 Mar 2022 20:23:45 INFO     Model selected: EVSchedule_V2G_NoEnergyDump_BinaryVals
Wed, 30 Mar 2022 20:23:45 INFO     Given model file found and selected from the models library
Wed, 30 Mar 2022 20:23:46 INFO     Given testcase file found and selected from the testcase library
Wed, 30 Mar 2022 20:27:50 INFO     Done!
